1898.778808
7342.082236
20.888401
114817.306086
35988.097410
1389.583014
112863.517087
53616.367212
120015.497245
205614.507879
70500.515578
59562.280863
4408.046622
5805.576865
119182.482863
164180.312708
58216.916452
285656.394535
882.686171
41674.197880
91280.503508
53059.727290
2114.179148
211273.831726
66302.138533
261.919346
70402.527402
224672.066397
67618.356496
32604.738402
25942.940658
1294.386770
28519.944405
4938.900780
9396.438500
1461.130209
107831.323086
157984.699837
135322.152420
41967.915605
52563.161911
6078.128638
160128.347490
175467.077141
67544.788067
57413.659004
89483.661347
62300.281399
63850.033679
4215.887489
6327.491721
3480.036522
26461.124796
37488.614773
41366.947874
1711.030417
97509.969825
157615.019935
140182.494807
66995.322694
7154.739672
1493.908595
2446.478217
46536.197686
63968.160721
76270.380332
12753.868774
3816.938777
7538.470577
893.248035
121.663273
246491.638885
73237.900650
241894.376282
24015.850430
6629.076538
20.755404
143344.050289
29.253073
60033.762641
5168.698257
82454.643534
43292.175690
8633.182655
144733.076858
124996.746803
20662.523497
1822.921955
191368.595065
59225.122024
32620.446515
218373.863602
18268.084893
8436.700465
10994.441113
26400.504621
12347.718009
60404.303165
29238.745250
130358.925624
43782.503245
44012.770631
5031.169759
9068.084209
44169.419001
24.757090
103069.999611
162805.978430
3371.708705
148622.315271
59132.369734
58838.578640
3960.289022
90440.506504
22105.180770
259.111416
1219.258011
44328.304164
25804.945800
158697.190489
5475.842818
205832.696434
2877.796084
59353.127663
166072.089412
53005.071782
27371.234609
103913.213821
53330.188070
58909.626663
5117.450840
146220.600738
114.159827
78918.111476
78176.660586
274530.678025
118.673676
146237.622035
4610.195735
17256.662186
178749.541380
101201.989882
13913.432033
212387.999572
378.008218
521.082885
31249.555941
52489.667603
281437.370675
76166.727223
96497.873307
83362.685451
20400.610420
11677.943951
30781.206626
3055.183337
46676.454804
8195.915398
7534.558258
85537.324875
71697.389855
27.879021
1359.266435
117134.577293
28329.704037
6960.516065
80590.811811
28721.222045
20460.106297
458777.082010
70629.228536
7437.235312
83177.368019
65030.580851
2934.070650
17146.282080
25882.277427
13477.831229
126948.155432
59895.355413
806.485658
2121.840362
18263.194677
25242.408368
22572.644987
242525.314971
740.330234
2023.450214
215632.896790
98853.963576
16432.504406
1041.859401
86527.516929
210869.759556
156149.658757
177595.579024
133888.751284
15514.318155
57396.768687
23498.975763
44108.738336
268792.424267
6830.480553
8288.620992
27115.571403
258742.325492
42703.283848
50713.402776
143198.898369
2866.669182
20889.270823
125764.990045
79.246992
15979.638708
3139.788601
35082.315022
75479.458974
231917.405984
128932.961455
1458.965126
267915.699577
221189.360248
130203.624557
5468.473247
116321.062389
6571.308198
3311.066084
22985.534242
22622.284653
64408.621894
1289.502435
202590.995767
9480.143277
270616.721142
74142.980266
87050.704877
36873.661539
41073.057486
253.449099
262.345092
10028.857510
29.182150
194192.361663
3677.685479
6066.931056
5167.186259
7661.813295
169797.514586
27457.692405
86436.270796
52279.900010
177316.696246
1538.635605
28.148929
52782.882593
8704.475763
1681.187699
10305.750341
120.667946
7914.096515
3990.390398
150005.645018
127989.286038
258.720844
2860.261129
388.935016
47132.444533
22191.726829
153557.205586
70652.089352
76173.418216
307647.627334
57151.770709
224528.497142
17689.288421
45136.737219
37286.809486
299787.034538
94011.839923
5189.847099
82961.177921
26.156242
57834.383327
12122.249997
10052.692583
47606.696329
33424.095967
360670.437840
12615.194258
47346.993142
60304.810716
28115.008943
13912.139889
17287.861759
6711.029789
165318.031315
53330.909999
7544.995649
11810.486605
186084.603627
9394.764482
93147.410457
86011.436410
117939.177200
2883.944723
246350.812360
7362.025617
1056.117119
188418.811808
202.025661
2678.858966
194842.957459
230709.824646
5766.117623
56972.376341
20281.804728
12008.082873
114.850201
25669.460433
30988.868521
91146.868964
985.779897
20236.295977
214934.822284
110160.567504
33726.699367
161589.374456
97.728091
68199.149187
5706.752278
178722.382697
49036.398441
1053.184877
112085.421127
7279.163615
114935.985387
167603.958716
374498.872081
21393.918977
214846.217672
81830.061907
166902.178225
7139.277521
68588.887049
15945.322415
83519.107908
51749.653403
93962.374478
55001.995880
116477.826512
107.648108
636.061395
1715.357943
77841.815063
82682.169292
2881.342975
24087.015914
136127.076125
42330.748293
31241.793517
32606.715852
18645.791214
109299.511345
5276.279538
318448.037626
26885.957733
42548.960386
127726.713938
442.749411
49150.647293
39533.207081
20817.802905
24325.187265
128683.080081
1839.942051
127394.470601
412.122390
43023.229953
2159.558279
108827.337969
60247.064137
44002.112973
27.147620
3553.783593
918.214987
276597.093964
243693.811498
2202.749675
2626.467414
57426.644987
31753.648181
89067.292029
156074.392501
15752.921166
15303.481426
9878.340509
100391.243150
158516.126587
2782.267828
18445.181689
51541.802792
5161.993262
3280.879417
4188.904278
12328.293357
39619.231573
3257.367214
17357.010552
10709.341894
62865.390713
100639.689011
79249.850326
58376.252788
63050.271154
91399.005677
232.494818
7226.140238
94111.825594
2893.134105
12212.463358
1040.847709
40176.112330
33606.466932
479017.372499
4855.420201
23.349837
17569.112226
142703.498867
107431.726124
6455.756559
63364.624355
52265.054374
370.086917
9561.413216
8623.766922
46481.751915
64069.366880
28.438215
9523.995376
383615.282469
46947.302362
67940.864659
8429.182158
112431.161778
54739.825131
2189.057664
51335.532491
95111.337500
4865.973710
901.664664
46540.508825
158018.604964
42410.449670
253479.678354
249876.914707
107418.580345
654.266638
125834.632830
19228.891736
275516.044685
26920.775663
6934.878231
13700.257602
127798.111709
29676.113994
26876.671247
2867.625839
15903.437644
7446.711208
33743.033301
4819.885959
63783.624029
7975.648216
1344.927490
2231.607292
1407.409892
67390.453876
37455.889120
87576.860431
242833.973359
23213.725754
153959.310726
281540.517041
1646.489481
17047.635215
213125.853986
11718.057087
50859.653229
7088.905140
3837.813118
77496.209174
10255.669907
136643.787032
147964.058697
167854.620541
23444.838612
14014.307012
192336.569742
103384.588754
36844.464159
153406.962162
106.498883
1676.323392
232425.823173
17690.008661
146.511478
242.614459
21.824569
107894.552099
25181.205577
15196.196259
160064.994097
161973.113496
33343.875905
5553.877598
47726.492437
91.114173
28.828091
96107.927046
177515.183863
128163.725118
2299.187008
208104.178892
19786.561919
92431.417168
5599.531030
2555.794621
48578.313407
72972.054317
40.942449
4061.907342
14978.559333
7267.650501
55420.855454
18939.548445
21.008171
22.159493
355875.877200
16341.676846
38890.407289
3913.393804
1160.951915
182117.307270
13790.230486
108390.999810
1602.170290
216830.100662
2833.611019
35223.020599
26026.030079
32255.997109
18802.979906
131857.203442
31429.994075
107.428465
728.618903
6718.618690
112855.523886
178085.185611
5050.527562
20608.732448
51594.902640
336.971897
95598.478443
5168.558963
13303.273747
183235.554865
68720.324305
11765.970038
27261.028082
176.877165
2944.498328
4793.247185
8744.140950
125678.137854
217050.786552
32039.860777
9844.444412
1356.210238
51952.803335
11050.496575
42765.170746
33253.406930
57236.828958
362297.963711
375797.602807
20669.636450
291937.442656
36981.463216
14015.088466
216324.206308
21403.674312
4796.773246
14257.382128
188760.128624
92183.534387
15995.970451
2117.729502
117.723181
11492.283177
1133.658471
57678.389991
39605.638792
259407.760880
143612.819754
33349.212513
31352.481377
2084.950728
873.913798
82442.990755
6019.738110
10312.354196
310.329956
1555.037355
23246.444037
6268.811450
422.263196
16785.697698
38059.729671
121586.884533
175695.088131
23978.131430
68037.332472
6595.857594
181628.753425
59315.238099
85216.230023
2719.703332
32631.811117
28222.505991
15399.286513
249510.145779
73778.575914
78610.522922
132281.665160
26223.692473
43396.251100
50900.289702
52093.572358
87425.597302
207142.674215
304696.715398
70.853654
47249.396832
2229.104103
34771.520800
1716.453582
90.539350
106975.380800
41758.876994
79927.774608
191601.080818
20.122619
256138.814885
42336.774143
17870.475311
2307.135600
141423.981801
9719.767419
2297.920338
8738.219515
154975.459190
55270.505762
28704.539254
26941.353437
35023.785423
42068.104374
11343.030498
96.401164
76953.463166
117290.589037
138734.379081
91527.720393
83787.138077
4834.677331
159284.891452
2497.850072
67481.373758
69892.715184
82354.684972
2157.185713
208266.113897
4227.401515
1764.093117
45549.610172
180933.975633
181359.877421
31537.334093
60807.504911
67744.372957
16479.221644
25582.112437
1560.162996
12644.423442
616.668027
57047.773996
30333.813903
352407.638230
43098.088256
103962.918437
103154.223151
12262.279055
11915.681298
59213.855914
86314.573410
97375.780678
46356.676446
34230.072146
105484.507189
23791.968946
16833.429768
49372.927812
171329.990602
310883.668298
76049.833686
50019.419596
1448.480159
62386.498867
2022.797404
3112.048731
9156.215156
237.542103
15980.607860
9364.824503
81350.801479
25.316976
42871.865165
84989.044813
119813.851107
267547.329773
375749.202097
265466.211493
443909.976096
5196.341968
12957.637310
112755.351692
13791.363731
9382.625206
7957.061671
29526.615382
501191.573073
155147.152567
52304.499083
58.602504
61635.948702
307341.300383
998.466879
40753.345902
25812.314509
27803.138336
58238.479359
1179.906719
93205.674553
23566.257054
4374.852015
42736.113065
39572.337656
1088.971599
23853.406767
6905.736151
9943.865324
6022.520888
38301.477559
26422.295208
143779.868162
31163.842420
4574.267690
26236.646253
470.153225
12143.292327
21898.738746
155462.087254
123223.226720
95591.238669
1545.579171
208239.248521
74252.788470
12443.776337
283419.174459
3907.656184
56251.818999
14716.301283
217.566704
7137.460878
6504.300699
12028.686311
266299.104041
9115.273178
4508.444777
4461.527759
925.924405
9880.151580
185474.595834
114.339521
7203.435798
41162.817559
238.905583
31489.102650
117435.577743
1907.524432
19522.875115
37461.565861
24228.351179
2315.858465
42846.581806
2486.794644
38157.538405
191493.933708
152351.271400
38956.531201
19173.633209
69076.268114
119919.331142
8424.192411
379.192891
32404.733767
33605.170047
2979.513862
3252.302864
3533.910617
108459.660206
463.982225
161.830556
120797.923574
187772.537416
2486.860317
98511.057049
60702.477454
1529.181047
29304.141370
15348.290112
1420.749339
2056.733295
84588.520019
1517.727233
9146.581361
406884.269175
224228.912186
94787.652491
4259.353543
127857.627938
1570.283033
28035.740447
118427.176200
172982.225014
6550.862679
214753.499144
24813.110167
150.581928
149611.861670
4421.143535
77233.474963
27518.617203
87673.732737
32445.177141
41578.595085
20.299301
451670.224561
145545.392241
10503.329235
112.917582
88449.375190
46792.188805
233.603758
523129.203592
53625.871052
171692.553881
41162.237023
71642.740057
243724.408796
6091.025609
412072.546902
29917.916103
189781.509211
9842.996220
15704.481647
66032.319043
61061.011291
148393.861104
2204.118860
970.309150
111.374590
54515.434089
52869.008200
792.540958
15576.819981
310325.399167
40.942449
10468.266216
60261.943559
10079.395039
1978.887131
142733.971003
20540.540662
12037.118446
6665.832736
7622.219085
402380.668042
100482.753648
49951.503632
4856.796905
1646.656916
228088.049335
61745.094799
16799.526517
2635.250211
62058.695142
7.233784
58667.686274
26790.996626
741.710472
505637.781646
8185.172084
1584.833449
5018.608895
16757.166906
129617.867451
21086.567333
1968.741647
222177.019103
21020.412709
4537.459443
76758.941403
2440.829609
225.813107
122551.485443
126742.926560
4064.006423
3095.556988
9739.172699
113422.482236
164411.527067
18637.013103
112085.813076
8704.475763
88154.673070
57918.068240
12915.274290
11145.084176
20835.303275
196439.662444
29124.121698
87258.806112
39953.384483
184178.949352
19271.562872
46039.891759
9733.478385
31690.319888
4015.077421
106.543375
122053.736778
3804.082433
9949.675442
177416.175023
437.752275
6478.852706
78241.461649
103848.566256
20424.618641
68675.181751
89897.644796
207307.526602
10390.785201
41198.817833
2612.181569
90.761441
218162.888374
624.098087
2570.734702
5887.216956
63153.304283
80301.742093
271011.777171
2783.607909
35152.030156
6532.637233
413.148392
163510.584349
25.064603
108271.349683
1940.477590
2811.117873
1446.054644
307.249568
952.281972
12633.534635
1429.440751
4118.593545
112334.057187
19985.318816
75671.173385
25.003705
23.730997
80573.622626
14108.620105
112601.082052
149528.495342
23008.087704
6118.780377
