11.000000
0.000000
0.000000
0.000000
4.705882
0.000000
18.000000
0.702128
0.000000
1.826087
1.733333
11.750000
4.428571
30.333333
3.044444
2.833333
6.125000
5.285714
0.000000
5.071429
14.000000
3.296875
2.172414
4.757576
2.570093
2.750000
73.000000
1.957447
2.657534
6.571429
0.000000
2.021277
0.000000
0.000000
0.000000
0.000000
26.000000
0.000000
0.000000
2.961538
0.000000
0.842105
0.000000
6.821429
0.000000
64.000000
0.000000
0.000000
2.827160
0.000000
10.400000
0.000000
2.280899
0.000000
0.000000
1.000000
0.000000
0.000000
2.545455
4.250000
0.000000
9.000000
0.000000
5.625000
0.000000
0.000000
8.285714
0.000000
0.000000
4.911111
12.250000
14.833333
3.200000
0.000000
10.400000
17.000000
3.662500
0.000000
21.000000
8.000000
8.500000
0.588235
14.000000
1.663717
2.089286
18.250000
0.000000
16.000000
8.875000
0.000000
9.333333
8.090909
0.000000
3.947368
6.590909
2.151163
0.000000
3.818182
0.000000
1.552632
4.125000
5.181818
4.611111
0.000000
0.000000
0.000000
20.666667
8.437500
6.032258
8.000000
19.800000
6.250000
0.000000
0.000000
4.893617
0.000000
0.000000
17.666667
3.461538
5.411765
0.000000
0.000000
2.041096
0.000000
10.200000
1.144186
0.000000
0.000000
0.000000
0.000000
0.000000
2.714286
3.027397
6.318182
0.000000
3.540540
2.567567
1.849057
0.000000
10.625000
0.000000
0.000000
0.000000
0.000000
0.000000
0.000000
2.019048
0.000000
0.000000
73.000000
25.600000
0.000000
0.000000
2.405797
2.602273
4.857143
0.000000
2.081081
0.000000
0.000000
4.250000
0.000000
25.500000
0.000000
1.759259
0.000000
0.000000
10.500000
12.454545
13.428571
0.000000
3.418605
0.916667
0.000000
2.633333
1.627907
2.325926
0.000000
0.714286
0.000000
6.600000
0.000000
0.000000
0.000000
6.052632
0.000000
0.000000
0.000000
0.000000
5.866667
3.807692
7.224490
1.343066
0.000000
0.000000
2.820513
3.018868
0.000000
1.236364
0.000000
0.000000
1.413461
0.000000
27.000000
0.000000
0.000000
3.380952
0.000000
3.913043
0.000000
2.680556
3.263889
2.517241
4.620000
4.421053
0.000000
5.909091
0.585366
9.625000
0.000000
0.000000
0.000000
0.000000
12.666667
0.000000
19.250000
0.000000
3.187500
0.000000
33.000000
3.714286
0.000000
0.000000
3.217391
6.929825
4.866667
0.000000
0.000000
6.175000
7.307692
0.000000
0.000000
78.000000
0.000000
14.333333
0.000000
10.857143
2.272727
3.078431
3.112360
4.368421
0.000000
27.000000
0.000000
10.153846
0.000000
0.000000
0.000000
0.000000
0.000000
2.100000
12.500000
7.000000
0.000000
0.000000
7.500000
0.000000
7.000000
0.000000
0.000000
2.447368
5.100000
6.826087
0.000000
0.000000
3.591837
0.000000
0.000000
0.000000
8.000000
3.021739
7.000000
4.052632
0.000000
0.000000
3.852459
1.743902
62.000000
0.000000
21.000000
4.181818
0.000000
8.166667
0.000000
15.666667
0.000000
0.000000
0.000000
9.000000
1.457143
4.023256
8.666667
2.379310
1.600000
0.000000
19.000000
1.677184
5.578947
0.000000
4.352941
1.736842
0.000000
0.000000
3.368421
0.000000
0.000000
15.666667
0.000000
0.000000
1.983871
1.750000
1.187500
0.742424
22.000000
2.372549
5.857143
0.000000
0.857143
4.000000
0.000000
0.000000
21.666667
0.000000
3.000000
1.113924
0.000000
24.333333
4.375000
7.666667
0.000000
1.695652
5.850000
0.000000
0.000000
8.500000
0.000000
0.000000
33.000000
5.105263
16.250000
0.000000
1.113924
3.449275
0.000000
0.000000
1.926829
4.187500
2.405063
4.928571
89.000000
0.000000
2.514286
9.571429
1.892655
2.529412
8.363636
7.727273
2.590909
1.145349
12.600000
1.547170
0.000000
0.000000
0.000000
1.586387
70.000000
10.250000
0.000000
6.571429
7.307692
0.000000
3.933333
2.948980
0.000000
0.000000
23.500000
0.000000
0.000000
3.192308
1.508621
5.705882
100.000000
4.240000
2.714286
28.333333
28.000000
1.482759
7.545455
12.500000
3.700000
6.666667
0.000000
0.000000
0.000000
0.000000
3.102273
6.533333
4.727273
0.000000
9.833333
4.714286
0.984127
0.000000
0.000000
0.000000
4.545454
2.214286
0.000000
31.000000
0.000000
2.051095
2.320755
2.138889
2.381443
0.000000
4.466667
0.000000
14.000000
1.552083
4.333333
0.000000
0.000000
2.826087
0.000000
7.368421
1.900000
25.000000
5.333333
28.000000
0.000000
5.700000
0.000000
0.000000
0.000000
2.804878
0.000000
3.162791
5.909091
3.075472
5.666667
7.071429
0.000000
3.405405
13.222222
59.000000
8.363636
11.500000
0.000000
2.666667
37.000000
0.000000
10.000000
0.000000
0.000000
0.830769
0.000000
5.500000
1.511628
0.000000
16.500000
0.000000
0.000000
2.181818
14.583333
0.250000
1.609524
1.269231
0.000000
80.000000
0.000000
0.000000
0.000000
0.000000
0.000000
0.000000
0.000000
0.000000
23.666667
4.000000
0.000000
3.620690
0.000000
0.000000
1.801527
0.000000
0.000000
33.500000
0.000000
0.000000
2.157895
3.903226
3.578947
2.396226
0.000000
0.000000
0.000000
0.000000
1.557895
77.000000
0.000000
1.223404
0.000000
3.600000
7.166667
2.769231
0.000000
9.428571
1.425532
3.400000
34.500000
0.000000
0.000000
35.000000
5.375000
1.611111
2.652778
6.916667
7.428571
2.594937
24.000000
1.983333
0.000000
0.000000
0.000000
0.000000
4.555556
0.000000
0.000000
0.000000
0.000000
10.647059
4.055556
8.000000
2.365854
2.893617
40.000000
5.555556
0.000000
11.333333
0.000000
0.000000
0.000000
5.777778
2.823529
2.697674
0.000000
12.600000
4.666667
0.000000
4.461538
0.000000
0.000000
0.000000
3.571429
3.000000
0.000000
1.703704
0.000000
0.000000
0.000000
4.011236
43.000000
24.666667
0.000000
13.600000
0.000000
89.000000
4.000000
0.000000
2.041667
0.000000
75.000000
1.785714
0.000000
1.764706
0.000000
0.000000
2.909091
0.000000
4.425000
2.149254
0.000000
3.538461
0.000000
0.000000
0.000000
0.000000
54.000000
0.000000
0.000000
39.500000
0.000000
0.000000
4.333333
0.000000
2.375000
5.333333
5.117647
0.969697
0.000000
6.888889
0.000000
0.000000
8.000000
1.813725
4.882353
5.564103
3.086021
15.666667
0.000000
30.666667
18.900000
1.646341
49.000000
7.333333
0.000000
0.000000
0.000000
41.000000
29.875000
0.763158
0.000000
25.000000
3.862069
2.647059
4.852941
3.641509
13.333333
2.017422
1.431034
35.250000
0.000000
2.435484
0.000000
0.000000
0.000000
6.090909
0.000000
0.000000
6.950000
3.944444
3.612903
3.666667
9.555556
4.829268
2.737705
1.516667
0.000000
0.000000
10.000000
8.714286
0.000000
0.000000
0.000000
1.136364
6.861111
10.250000
5.611111
22.333333
0.000000
3.745763
0.000000
10.142857
0.000000
4.130435
0.000000
2.369048
11.333333
2.053191
0.000000
0.000000
0.000000
0.880597
0.000000
2.705882
3.130435
1.811111
0.000000
4.705882
3.277778
9.882353
0.000000
3.612903
0.000000
2.224299
1.834951
0.000000
15.600000
6.818182
0.000000
0.000000
0.000000
12.363636
1.711111
1.533333
0.000000
2.520661
4.267857
0.000000
2.554348
0.000000
10.285714
3.454545
17.600000
0.000000
0.000000
2.033333
26.500000
1.729560
1.682119
4.527778
2.666667
4.769231
0.000000
2.204918
0.000000
34.000000
3.571429
9.625000
1.113208
0.000000
3.129032
0.000000
0.000000
1.505747
1.012048
0.000000
0.000000
0.000000
0.000000
1.449275
0.000000
3.100000
0.000000
11.000000
21.666667
2.350000
0.000000
0.000000
4.111111
0.000000
0.000000
0.000000
0.000000
0.000000
0.000000
1.146067
2.803030
26.000000
0.000000
0.000000
1.539568
88.000000
0.000000
1.673820
3.121951
0.000000
0.771242
2.737500
0.000000
11.625000
2.235294
7.333333
2.857143
2.863636
5.161290
2.224000
0.000000
1.970060
6.880000
0.000000
3.000000
2.410256
0.000000
2.035294
4.100000
0.000000
0.000000
0.000000
0.000000
3.349398
4.142857
0.000000
0.000000
53.000000
0.000000
5.357143
0.000000
2.962963
0.000000
0.000000
0.000000
8.800000
0.000000
0.000000
7.000000
6.000000
26.666667
49.000000
10.750000
6.000000
1.055556
6.153846
4.117647
0.000000
0.000000
2.008621
6.333333
7.138889
15.800000
2.033333
9.000000
0.000000
14.500000
3.875000
68.000000
2.380952
4.230769
3.596154
0.000000
3.750000
0.000000
11.750000
0.000000
0.000000
0.000000
2.078431
0.000000
7.923077
14.500000
0.000000
0.000000
18.800000
48.500000
9.500000
3.593750
8.500000
1.750000
12.600000
0.000000
1.573034
0.000000
2.520000
2.414286
0.000000
0.000000
2.047619
0.000000
0.441176
0.000000
0.000000
3.588235
23.000000
2.649484
0.000000
8.545454
4.433333
8.000000
0.862069
0.918919
0.000000
8.500000
8.111111
4.454545
3.711538
2.265306
3.308943
2.096774
13.833333
0.000000
7.285714
8.700000
0.000000
17.222222
7.705882
0.000000
0.000000
2.846154
2.011364
37.000000
1.139785
1.972973
9.666667
0.000000
28.666667
0.000000
4.687500
18.333333
1.090090
4.578947
0.446735
26.500000
2.052632
0.000000
2.375000
46.000000
2.200000
25.666667
3.857143
0.000000
0.000000
4.642857
20.000000
16.571429
88.000000
30.000000
0.000000
0.000000
0.000000
23.333333
0.600000
12.750000
3.517986
13.857143
3.625000
12.272727
1.627907
6.400000
0.000000
3.653846
14.500000
6.333333
2.705128
0.000000
18.500000
0.000000
0.000000
0.000000
10.000000
3.285714
3.473684
0.000000
4.545454
0.000000
2.969231
2.315789
32.666667
81.000000
11.545455
40.500000
8.700000
0.000000
0.000000
0.000000
4.842105
0.000000
3.488372
0.000000
0.000000
7.000000
0.000000
4.428571
3.021277
0.000000
0.000000
36.000000
1.894737
0.000000
0.000000
0.000000
0.000000
0.000000
3.634921
0.000000
3.611111
0.000000
30.000000
7.108696
0.000000
0.000000
4.933333
0.000000
3.441860
16.166667
0.000000
14.000000
0.000000
2.727273
0.000000
15.600000
7.391304
19.800000
4.714286
10.052632
0.000000
2.812500
0.000000
0.000000
4.482759
1.672316
